pattern:  bert
start training,lr= 5e-06
lr: 5e-06 epoch 0 finished 耗时: 2.6715518554051716 min. loss： 130.57508033514023
result for valid:
P_yes:  0.9970486965076242  R_yes:  0.6223518575376114  F1_yes: 0.7663516068052929  ---- P_no:  0.005658852061438965  R_no:  0.5384615384615384  F1_no: 0.011199999999999998 ---- accu:  0.6220183486238532
lr: 5e-06 epoch 1 finished 耗时: 5.793319686253866 min. loss： 126.12428897619247
result for valid:
P_yes:  0.9468765371372356  R_yes:  0.6505576208178439  F1_yes: 0.7712339743589743  ---- P_no:  0.16410670978173  R_no:  0.6527331189710611  F1_no: 0.2622739018087855 ---- accu:  0.6507645259938838
lr: 5e-06 epoch 2 finished 耗时: 8.885923008124033 min. loss： 119.20192676782608
result for valid:
P_yes:  0.8573536645351697  R_yes:  0.6797971918876755  F1_yes: 0.7583206438981944  ---- P_no:  0.33629749393694425  R_no:  0.5892351274787535  F1_no: 0.42820380854348944 ---- accu:  0.6602446483180429
lr: 5e-06 epoch 3 finished 耗时: 11.96050678094228 min. loss： 109.2426247894764
result for valid:
P_yes:  0.7761928184948352  R_yes:  0.7298797409805735  F1_yes: 0.7523241954707987  ---- P_no:  0.5278900565885206  R_no:  0.5893501805054152  F1_no: 0.5569296375266525 ---- accu:  0.6822629969418961
lr: 5e-06 epoch 4 finished 耗时: 15.035745755831401 min. loss： 97.93174448609352
result for valid:
P_yes:  0.7791441219872111  R_yes:  0.7319778188539742  F1_yes: 0.7548248749106506  ---- P_no:  0.5311236863379143  R_no:  0.5940325497287523  F1_no: 0.5608194622279129 ---- accu:  0.6853211009174311
lr: 5e-06 epoch 5 finished 耗时: 18.11462918917338 min. loss： 87.37656033039093
result for valid:
P_yes:  0.8184948352188883  R_yes:  0.7263203841117416  F1_yes: 0.7696577243293248  ---- P_no:  0.4931285367825384  R_no:  0.6230847803881512  F1_no: 0.5505415162454873 ---- accu:  0.6954128440366972
lr: 5e-06 epoch 6 finished 耗时: 21.207025567690533 min. loss： 74.34341186285019
result for valid:
P_yes:  0.721101819970487  R_yes:  0.7603734439834025  F1_yes: 0.7402171168896743  ---- P_no:  0.6265157639450283  R_no:  0.5774962742175856  F1_no: 0.6010081426909655 ---- accu:  0.6853211009174311
lr: 5e-06 epoch 7 finished 耗时: 24.221583831310273 min. loss： 63.961683228611946
result for valid:
P_yes:  0.7879980324643384  R_yes:  0.7392708814028611  F1_yes: 0.7628571428571429  ---- P_no:  0.5432497978981407  R_no:  0.6092475067996374  F1_no: 0.5743589743589743 ---- accu:  0.6954128440366972
lr: 5e-06 epoch 8 finished 耗时: 27.235547157128654 min. loss： 53.20744636654854
result for valid:
P_yes:  0.8111165764879489  R_yes:  0.7361607142857143  F1_yes: 0.7718230751228645  ---- P_no:  0.5222312045270816  R_no:  0.6271844660194175  F1_no: 0.5699161887957652 ---- accu:  0.7018348623853211
lr: 5e-06 epoch 9 finished 耗时: 30.314007528622945 min. loss： 45.78443833440542
result for valid:
P_yes:  0.8002951303492376  R_yes:  0.74496336996337  F1_yes: 0.7716386056438227  ---- P_no:  0.549717057396928  R_no:  0.6261510128913443  F1_no: 0.5854498493327592 ---- accu:  0.7055045871559633
lr: 5e-06 epoch 10 finished 耗时: 33.39820351203283 min. loss： 39.85127478465438
result for valid:
P_yes:  0.705361534677816  R_yes:  0.775974025974026  F1_yes: 0.7389847977325432  ---- P_no:  0.6653193209377526  R_no:  0.5787623066104078  F1_no: 0.61902971041745 ---- accu:  0.6902140672782875
lr: 5e-06 epoch 11 finished 耗时: 36.4182657122612 min. loss： 33.90422165393829
result for valid:
P_yes:  0.7742252828332513  R_yes:  0.7505960896518836  F1_yes: 0.762227602905569  ---- P_no:  0.5772029102667745  R_no:  0.6086956521739131  F1_no: 0.5925311203319502 ---- accu:  0.6996941896024464
lr: 5e-06 epoch 12 finished 耗时: 39.43658799330394 min. loss： 28.456170132383704
result for valid:
P_yes:  0.7870142646335465  R_yes:  0.7522331922896098  F1_yes: 0.7692307692307693  ---- P_no:  0.5739692805173807  R_no:  0.621172353455818  F1_no: 0.5966386554621848 ---- accu:  0.7064220183486238
lr: 5e-06 epoch 13 finished 耗时: 42.52019636631012 min. loss： 25.082517087459564
result for valid:
P_yes:  0.7875061485489424  R_yes:  0.7460391425908667  F1_yes: 0.7662120124431683  ---- P_no:  0.5594179466451091  R_no:  0.6156583629893239  F1_no: 0.5861922914019484 ---- accu:  0.7012232415902141
lr: 5e-06 epoch 14 finished 耗时: 45.60328107277552 min. loss： 24.00611549243331
result for valid:
P_yes:  0.7107722577471717  R_yes:  0.7743837084673098  F1_yes: 0.7412156963323929  ---- P_no:  0.6596604688763137  R_no:  0.5811965811965812  F1_no: 0.6179477470655056 ---- accu:  0.6914373088685015
lr: 5e-06 epoch 15 finished 耗时: 48.69273561636607 min. loss： 21.29479374922812
result for valid:
P_yes:  0.7889818002951303  R_yes:  0.744661095636026  F1_yes: 0.7661810365416767  ---- P_no:  0.555375909458367  R_no:  0.6155913978494624  F1_no: 0.5839354016149595 ---- accu:  0.7006116207951071
lr: 3.5e-06 epoch 16 finished 耗时: 51.8013245900472 min. loss： 17.178447431884706
result for valid:
P_yes:  0.793408755533694  R_yes:  0.7537383177570094  F1_yes: 0.7730649412892403  ---- P_no:  0.5739692805173807  R_no:  0.6283185840707964  F1_no: 0.5999155048584706 ---- accu:  0.7103975535168195
lr: 3.5e-06 epoch 17 finished 耗时: 54.96241871913274 min. loss： 15.066765191033483
result for valid:
P_yes:  0.8027545499262174  R_yes:  0.7462277091906722  F1_yes: 0.7734597156398104  ---- P_no:  0.5513338722716249  R_no:  0.6297322253000923  F1_no: 0.5879310344827586 ---- accu:  0.7076452599388379
lr: 3.5e-06 epoch 18 finished 耗时: 58.05160680214564 min. loss： 14.24998434446752
result for valid:
P_yes:  0.8022626660108214  R_yes:  0.7526534379326257  F1_yes: 0.7766666666666666  ---- P_no:  0.5666936135812449  R_no:  0.6355394378966455  F1_no: 0.599145299145299 ---- accu:  0.7131498470948012
lr: 3.5e-06 epoch 19 finished 耗时: 61.194809488455455 min. loss： 13.902897060848773
result for valid:
P_yes:  0.7471716674864732  R_yes:  0.7633165829145728  F1_yes: 0.7551578424061645  ---- P_no:  0.6192400970088925  R_no:  0.5984375  F1_no: 0.6086611044894715 ---- accu:  0.6987767584097859
P_yes:  0.7471716674864732  R_yes:  0.7633165829145728  F1_yes: 0.7551578424061645  ---- P_no:  0.6192400970088925  R_no:  0.5984375  F1_no: 0.6086611044894715 ---- accu:  0.6987767584097859
P_yes:  0.8022626660108214  R_yes:  0.7526534379326257  F1_yes: 0.7766666666666666  ---- P_no:  0.5666936135812449  R_no:  0.6355394378966455  F1_no: 0.599145299145299 ---- accu:  0.7131498470948012
