pattern:  bert
start training,lr= 5e-06
lr: 5e-06 epoch 0 finished 耗时: 2.6643723964691164 min. loss： 130.43163365125656
result for valid:
P_yes:  0.9591736350221348  R_yes:  0.6345590628050765  F1_yes: 0.763807285546416  ---- P_no:  0.09215844785772029  R_no:  0.5786802030456852  F1_no: 0.15899581589958156 ---- accu:  0.6311926605504588
lr: 5e-06 epoch 1 finished 耗时: 5.929191641012827 min. loss： 124.15027320384979
result for valid:
P_yes:  0.8799803246433842  R_yes:  0.6692854470632248  F1_yes: 0.7603059923501913  ---- P_no:  0.2853678253839935  R_no:  0.5912897822445561  F1_no: 0.38495092693565974 ---- accu:  0.655045871559633
lr: 5e-06 epoch 2 finished 耗时: 9.15431139866511 min. loss： 116.53263863921165
result for valid:
P_yes:  0.8337432365961633  R_yes:  0.7059558517284464  F1_yes: 0.7645466847090663  ---- P_no:  0.42926434923201295  R_no:  0.6110471806674338  F1_no: 0.5042735042735043 ---- accu:  0.6807339449541284
lr: 5e-06 epoch 3 finished 耗时: 12.438248590628307 min. loss： 105.40425610542297
result for valid:
P_yes:  0.8140678799803246  R_yes:  0.7189400521285838  F1_yes: 0.7635524798154555  ---- P_no:  0.47696038803556995  R_no:  0.609504132231405  F1_no: 0.5351473922902494 ---- accu:  0.6865443425076453
lr: 5e-06 epoch 4 finished 耗时: 15.593813935915628 min. loss： 93.96707275509834
result for valid:
P_yes:  0.7722577471716675  R_yes:  0.7433712121212122  F1_yes: 0.7575392038600725  ---- P_no:  0.5618431689571544  R_no:  0.6001727115716753  F1_no: 0.5803757828810021 ---- accu:  0.6926605504587156
lr: 5e-06 epoch 5 finished 耗时: 18.781512713432313 min. loss： 80.60096415877342
result for valid:
P_yes:  0.7732415150024594  R_yes:  0.7485714285714286  F1_yes: 0.7607065085894024  ---- P_no:  0.5731608730800324  R_no:  0.6059829059829059  F1_no: 0.58911508101371 ---- accu:  0.6975535168195719
lr: 5e-06 epoch 6 finished 耗时: 21.998905491828918 min. loss： 67.33334171772003
result for valid:
P_yes:  0.8145597638957206  R_yes:  0.7402771569065713  F1_yes: 0.7756440281030444  ---- P_no:  0.5303152789005658  R_no:  0.6350435624394967  F1_no: 0.5779735682819384 ---- accu:  0.7070336391437309
lr: 5e-06 epoch 7 finished 耗时: 25.212868038813273 min. loss： 54.64230686426163
result for valid:
P_yes:  0.720118052139695  R_yes:  0.7705263157894737  F1_yes: 0.7444698703279938  ---- P_no:  0.6475343573160873  R_no:  0.5846715328467154  F1_no: 0.6144994246260069 ---- accu:  0.6926605504587156
lr: 5e-06 epoch 8 finished 耗时: 28.375364526112875 min. loss： 44.68468467518687
result for valid:
P_yes:  0.8002951303492376  R_yes:  0.7392094502498864  F1_yes: 0.7685403873405764  ---- P_no:  0.5359741309620049  R_no:  0.6202057998129092  F1_no: 0.575021682567216 ---- accu:  0.7003058103975535
lr: 5e-06 epoch 9 finished 耗时: 31.54034334421158 min. loss： 38.86612345278263
result for valid:
P_yes:  0.7889818002951303  R_yes:  0.7450069670227589  F1_yes: 0.7663640707118968  ---- P_no:  0.5561843168957155  R_no:  0.6159355416293644  F1_no: 0.5845369583687341 ---- accu:  0.7009174311926606
lr: 3.5e-06 epoch 10 finished 耗时: 34.7141753077507 min. loss： 29.064035430550575
result for valid:
P_yes:  0.8027545499262174  R_yes:  0.7448653582838887  F1_yes: 0.7727272727272728  ---- P_no:  0.5481002425222312  R_no:  0.6283595922150139  F1_no: 0.5854922279792747 ---- accu:  0.7064220183486238
lr: 3.5e-06 epoch 11 finished 耗时: 37.90365350643794 min. loss： 26.589630596339703
result for valid:
P_yes:  0.839153959665519  R_yes:  0.7325032202662086  F1_yes: 0.7822099954149473  ---- P_no:  0.4963621665319321  R_no:  0.6524973432518597  F1_no: 0.5638200183654728 ---- accu:  0.709480122324159
lr: 3.5e-06 epoch 12 finished 耗时: 41.10107665459315 min. loss： 24.385581705719233
result for valid:
P_yes:  0.823413674372848  R_yes:  0.7416925121843154  F1_yes: 0.7804195804195804  ---- P_no:  0.5286984640258691  R_no:  0.6456071076011846  F1_no: 0.5813333333333333 ---- accu:  0.7119266055045872
lr: 3.5e-06 epoch 13 finished 耗时: 44.351787916819255 min. loss： 21.152035558596253
result for valid:
P_yes:  0.7629119527791441  R_yes:  0.7617878192534381  F1_yes: 0.7623494716146472  ---- P_no:  0.6079223928860146  R_no:  0.6094003241491086  F1_no: 0.6086604613516796 ---- accu:  0.7042813455657493
lr: 3.5e-06 epoch 14 finished 耗时: 47.51452692349752 min. loss： 18.969840076752007
result for valid:
P_yes:  0.7914412198721101  R_yes:  0.7532771535580525  F1_yes: 0.7718877428639962  ---- P_no:  0.5739692805173807  R_no:  0.6261022927689595  F1_no: 0.5989034162800506 ---- accu:  0.7091743119266055
lr: 3.5e-06 epoch 15 finished 耗时: 50.675455454985304 min. loss： 18.243873544037342
result for valid:
P_yes:  0.765371372356124  R_yes:  0.7661250615460364  F1_yes: 0.765748031496063  ---- P_no:  0.6160064672594988  R_no:  0.6150121065375302  F1_no: 0.615508885298869 ---- accu:  0.708868501529052
lr: 2.45e-06 epoch 16 finished 耗时: 53.822412526607515 min. loss： 15.07863687351346
result for valid:
P_yes:  0.8248893261190359  R_yes:  0.7453333333333333  F1_yes: 0.7830959607751575  ---- P_no:  0.5367825383993533  R_no:  0.6509803921568628  F1_no: 0.5883916703588835 ---- accu:  0.7159021406727829
lr: 2.45e-06 epoch 17 finished 耗时: 57.02286486625671 min. loss： 14.480709091760218
result for valid:
P_yes:  0.8052139695031972  R_yes:  0.747147421268827  F1_yes: 0.775094696969697  ---- P_no:  0.5521422797089733  R_no:  0.6329935125115848  F1_no: 0.5898100172711571 ---- accu:  0.709480122324159
lr: 2.45e-06 epoch 18 finished 耗时: 60.171361883481346 min. loss： 13.524662177078426
result for valid:
P_yes:  0.8022626660108214  R_yes:  0.7516129032258064  F1_yes: 0.7761123007375684  ---- P_no:  0.5642683912691997  R_no:  0.6345454545454545  F1_no: 0.59734702610184 ---- accu:  0.7122324159021407
lr: 2.45e-06 epoch 19 finished 耗时: 63.37761387427648 min. loss： 12.495767617132515
result for valid:
P_yes:  0.7835710772257747  R_yes:  0.7535477767265847  F1_yes: 0.7682662165420785  ---- P_no:  0.5788197251414713  R_no:  0.6193771626297578  F1_no: 0.598412035102382 ---- accu:  0.7061162079510703
P_yes:  0.7835710772257747  R_yes:  0.7535477767265847  F1_yes: 0.7682662165420785  ---- P_no:  0.5788197251414713  R_no:  0.6193771626297578  F1_no: 0.598412035102382 ---- accu:  0.7061162079510703
P_yes:  0.8248893261190359  R_yes:  0.7453333333333333  F1_yes: 0.7830959607751575  ---- P_no:  0.5367825383993533  R_no:  0.6509803921568628  F1_no: 0.5883916703588835 ---- accu:  0.7159021406727829
