pattern:  roberta-base
start training,lr= 5e-06
lr: 5e-06 epoch 0 finished 耗时: 2.0490374088287355 min. loss： 130.8411802649498
result for valid:
P_yes:  1.0  R_yes:  0.6217125382262997  F1_yes: 0.7667358099189139  ---- P_no:  0.0  R_no:  0  F1_no: 0 ---- accu:  0.6217125382262997
lr: 5e-06 epoch 1 finished 耗时: 4.317050325870514 min. loss： 126.18863946199417
result for valid:
P_yes:  0.8848991637973438  R_yes:  0.6768246802106848  F1_yes: 0.7670006395224899  ---- P_no:  0.3055780113177041  R_no:  0.6176470588235294  F1_no: 0.4088696592752839 ---- accu:  0.6657492354740061
lr: 5e-06 epoch 2 finished 耗时: 6.570779395103455 min. loss： 110.4025709927082
result for valid:
P_yes:  0.8298081652729956  R_yes:  0.7868470149253731  F1_yes: 0.8077567632271965  ---- P_no:  0.6305578011317704  R_no:  0.6927175843694494  F1_no: 0.6601777401608125 ---- accu:  0.754434250764526
lr: 5e-06 epoch 3 finished 耗时: 8.8271852850914 min. loss： 90.23314601182938
result for valid:
P_yes:  0.8627643876045253  R_yes:  0.796187017703132  F1_yes: 0.8281397544853636  ---- P_no:  0.6370250606305577  R_no:  0.7385192127460168  F1_no: 0.6840277777777777 ---- accu:  0.7773700305810397
lr: 5e-06 epoch 4 finished 耗时: 11.074215344587962 min. loss： 76.6203792244196
result for valid:
P_yes:  0.8652238071815052  R_yes:  0.8020975832193342  F1_yes: 0.8324656885944154  ---- P_no:  0.6491511721907841  R_no:  0.7455896007428041  F1_no: 0.6940363007778737 ---- accu:  0.7834862385321101
lr: 5e-06 epoch 5 finished 耗时: 13.315596441427866 min. loss： 64.62798481434584
result for valid:
P_yes:  0.839153959665519  R_yes:  0.8174413033061811  F1_yes: 0.8281553398058252  ---- P_no:  0.6919967663702506  R_no:  0.7235841081994928  F1_no: 0.7074380165289256 ---- accu:  0.7834862385321101
lr: 5e-06 epoch 6 finished 耗时: 15.505772976080577 min. loss： 51.35480884462595
result for valid:
P_yes:  0.8416133792424988  R_yes:  0.8249758919961427  F1_yes: 0.8332115899683469  ---- P_no:  0.7065481002425222  R_no:  0.7307692307692307  F1_no: 0.7184545828195643 ---- accu:  0.790519877675841
lr: 5e-06 epoch 7 finished 耗时: 17.761741602420805 min. loss： 41.75005968660116
result for valid:
P_yes:  0.8307919331037875  R_yes:  0.8275355218030377  F1_yes: 0.829160530191458  ---- P_no:  0.7154405820533549  R_no:  0.7200976403580146  F1_no: 0.7177615571776156 ---- accu:  0.7871559633027523
lr: 5e-06 epoch 8 finished 耗时: 19.93940100669861 min. loss： 34.96650080010295
result for valid:
P_yes:  0.8657156910969012  R_yes:  0.8047553726566072  F1_yes: 0.8341232227488152  ---- P_no:  0.6548100242522231  R_no:  0.7479224376731302  F1_no: 0.6982758620689654 ---- accu:  0.7859327217125383
lr: 5e-06 epoch 9 finished 耗时: 22.11023682753245 min. loss： 28.607714407145977
result for valid:
P_yes:  0.9035907525823905  R_yes:  0.7894284486463258  F1_yes: 0.8426605504587155  ---- P_no:  0.6038803556992725  R_no:  0.792152704135737  F1_no: 0.6853211009174311 ---- accu:  0.7902140672782875
lr: 3.5e-06 epoch 10 finished 耗时: 24.282971553007762 min. loss： 21.584255795925856
result for valid:
P_yes:  0.8514510575504181  R_yes:  0.8242857142857143  F1_yes: 0.837648197435277  ---- P_no:  0.7016976556184317  R_no:  0.7418803418803419  F1_no: 0.7212297465724969 ---- accu:  0.7948012232415902
lr: 3.5e-06 epoch 11 finished 耗时: 26.53146938085556 min. loss： 19.095781167037785
result for valid:
P_yes:  0.8898180029513035  R_yes:  0.7997347480106101  F1_yes: 0.8423748544819558  ---- P_no:  0.6337914308811641  R_no:  0.7777777777777778  F1_no: 0.6984409799554566 ---- accu:  0.7929663608562691
lr: 3.5e-06 epoch 12 finished 耗时: 28.692855362097422 min. loss： 15.127662999089807
result for valid:
P_yes:  0.8037383177570093  R_yes:  0.8422680412371134  F1_yes: 0.822552227535867  ---- P_no:  0.7526273241713823  R_no:  0.7  F1_no: 0.7253603428126216 ---- accu:  0.7844036697247706
lr: 3.5e-06 epoch 13 finished 耗时: 30.868829027811685 min. loss： 14.153166600968689
result for valid:
P_yes:  0.8081652729955731  R_yes:  0.8482188951987609  F1_yes: 0.8277078085642318  ---- P_no:  0.7623282134195635  R_no:  0.7074268567141786  F1_no: 0.7338521400778211 ---- accu:  0.7908256880733945
lr: 2.45e-06 epoch 14 finished 耗时: 33.043005311489104 min. loss： 10.538880628533661
result for valid:
P_yes:  0.8475159862272503  R_yes:  0.8299614643545279  F1_yes: 0.838646872718423  ---- P_no:  0.7146321746160065  R_no:  0.7403685092127303  F1_no: 0.7272727272727273 ---- accu:  0.7972477064220184
lr: 2.45e-06 epoch 15 finished 耗时: 35.30844448804855 min. loss： 9.284829915035516
result for valid:
P_yes:  0.8416133792424988  R_yes:  0.832603406326034  F1_yes: 0.8370841487279843  ---- P_no:  0.7219078415521423  R_no:  0.7349794238683127  F1_no: 0.7283849918433931 ---- accu:  0.7963302752293578
lr: 2.45e-06 epoch 16 finished 耗时: 37.50922305981318 min. loss： 9.164271155837923
result for valid:
P_yes:  0.8332513526807673  R_yes:  0.8344827586206897  F1_yes: 0.8338666010337189  ---- P_no:  0.7283751010509296  R_no:  0.7266129032258064  F1_no: 0.7274929350020186 ---- accu:  0.7935779816513762
lr: 2.45e-06 epoch 17 finished 耗时: 39.681256957848866 min. loss： 8.268935751868412
result for valid:
P_yes:  0.8307919331037875  R_yes:  0.840716774514684  F1_yes: 0.8357248886689757  ---- P_no:  0.7413096200485044  R_no:  0.7272006344171292  F1_no: 0.734187349879904 ---- accu:  0.7969418960244649
lr: 1.7149999999999997e-06 epoch 18 finished 耗时: 41.8470044930776 min. loss： 6.795584194012918
result for valid:
P_yes:  0.8140678799803246  R_yes:  0.8422391857506362  F1_yes: 0.8279139569784892  ---- P_no:  0.7493936944219887  R_no:  0.7103448275862069  F1_no: 0.7293469708890638 ---- accu:  0.7896024464831805
lr: 1.7149999999999997e-06 epoch 19 finished 耗时: 44.02224684158961 min. loss： 6.730537330615334
result for valid:
P_yes:  0.8662075750122971  R_yes:  0.8202142524452725  F1_yes: 0.8425837320574162  ---- P_no:  0.6879547291835085  R_no:  0.7577916295636687  F1_no: 0.721186440677966 ---- accu:  0.7987767584097859
P_yes:  0.8662075750122971  R_yes:  0.8202142524452725  F1_yes: 0.8425837320574162  ---- P_no:  0.6879547291835085  R_no:  0.7577916295636687  F1_no: 0.721186440677966 ---- accu:  0.7987767584097859
P_yes:  0.8662075750122971  R_yes:  0.8202142524452725  F1_yes: 0.8425837320574162  ---- P_no:  0.6879547291835085  R_no:  0.7577916295636687  F1_no: 0.721186440677966 ---- accu:  0.7987767584097859
