pattern:  roberta-large
start training,lr= 5e-06
lr: 5e-06 epoch 0 finished 耗时: 6.115028909842173 min. loss： 399.26381999254227
result for valid:
P_yes:  1.0  R_yes:  0.6217125382262997  F1_yes: 0.7667358099189139  ---- P_no:  0.0  R_no:  0  F1_no: 0 ---- accu:  0.6217125382262997
lr: 5e-06 epoch 1 finished 耗时: 12.941072940826416 min. loss： 393.00799748301506
result for valid:
P_yes:  0.9990162321692081  R_yes:  0.6214810281517748  F1_yes: 0.7662705149971702  ---- P_no:  0.0  R_no:  0.0  F1_no: 0 ---- accu:  0.6211009174311927
lr: 5e-06 epoch 2 finished 耗时: 19.546768295764924 min. loss： 395.25377267599106
result for valid:
P_yes:  1.0  R_yes:  0.6217125382262997  F1_yes: 0.7667358099189139  ---- P_no:  0.0  R_no:  0  F1_no: 0 ---- accu:  0.6217125382262997
lr: 5e-06 epoch 3 finished 耗时: 26.012409551938376 min. loss： 389.8482949435711
result for valid:
P_yes:  0.9621249385145105  R_yes:  0.6394246485779667  F1_yes: 0.7682639434406913  ---- P_no:  0.10832659660468877  R_no:  0.6350710900473934  F1_no: 0.1850828729281768 ---- accu:  0.6391437308868502
lr: 5e-06 epoch 4 finished 耗时: 32.68671756188075 min. loss： 371.48725467920303
result for valid:
P_yes:  0.9021151008362026  R_yes:  0.685607476635514  F1_yes: 0.7790994052676296  ---- P_no:  0.32012934518997577  R_no:  0.6655462184873949  F1_no: 0.4323144104803494 ---- accu:  0.6819571865443425
lr: 5e-06 epoch 5 finished 耗时: 39.36393334468206 min. loss： 295.13613826036453
result for valid:
P_yes:  0.9399901623216921  R_yes:  0.7771451809678731  F1_yes: 0.850845948352627  ---- P_no:  0.5569927243330639  R_no:  0.8495684340320592  F1_no: 0.6728515625 ---- accu:  0.7951070336391437
lr: 5e-06 epoch 6 finished 耗时: 46.03793079853058 min. loss： 216.14058120548725
result for valid:
P_yes:  0.8839153959665519  R_yes:  0.8569384835479256  F1_yes: 0.8702179176755448  ---- P_no:  0.7574777687954729  R_no:  0.7988064791133845  F1_no: 0.7775933609958506 ---- accu:  0.8360856269113149
lr: 5e-06 epoch 7 finished 耗时: 52.713045918941496 min. loss： 169.64994675666094
result for valid:
P_yes:  0.9193310378750615  R_yes:  0.8284574468085106  F1_yes: 0.871531825600373  ---- P_no:  0.6871463217461601  R_no:  0.8382642998027613  F1_no: 0.7552199022656597 ---- accu:  0.8314984709480122
lr: 5e-06 epoch 8 finished 耗时: 59.17396784623464 min. loss： 141.19697107188404
result for valid:
P_yes:  0.9193310378750615  R_yes:  0.8441734417344173  F1_yes: 0.8801506946079585  ---- P_no:  0.7210994341147938  R_no:  0.8446969696969697  F1_no: 0.7780200610553859 ---- accu:  0.84434250764526
lr: 5e-06 epoch 9 finished 耗时: 65.8651756922404 min. loss： 91.18422506004572
result for valid:
P_yes:  0.8155435317265125  R_yes:  0.8942826321467098  F1_yes: 0.8531000771803448  ---- P_no:  0.841552142279709  R_no:  0.7351694915254238  F1_no: 0.784771956275914 ---- accu:  0.825382262996942
lr: 5e-06 epoch 10 finished 耗时: 72.33506917158762 min. loss： 69.09598010731861
result for valid:
P_yes:  0.8642400393507133  R_yes:  0.8802605210420842  F1_yes: 0.8721767187887813  ---- P_no:  0.8067906224737268  R_no:  0.783359497645212  F1_no: 0.7949024293110315 ---- accu:  0.8425076452599388
lr: 5e-06 epoch 11 finished 耗时: 78.80362222194671 min. loss： 50.760246076853946
result for valid:
P_yes:  0.8642400393507133  R_yes:  0.8789394697348675  F1_yes: 0.8715277777777778  ---- P_no:  0.8043654001616815  R_no:  0.7828481510621558  F1_no: 0.7934609250398724 ---- accu:  0.8415902140672783
lr: 3.5e-06 epoch 12 finished 耗时: 85.27385071913402 min. loss： 32.91948401974514
result for valid:
P_yes:  0.8617806197737334  R_yes:  0.8844018172640081  F1_yes: 0.8729446935724963  ---- P_no:  0.814874696847211  R_no:  0.7820015515903801  F1_no: 0.7980997624703088 ---- accu:  0.8440366972477065
lr: 3.5e-06 epoch 13 finished 耗时: 91.7419241031011 min. loss： 28.2109082081588
result for valid:
P_yes:  0.9134284308903099  R_yes:  0.8537931034482759  F1_yes: 0.8826045627376425  ---- P_no:  0.7429264349232013  R_no:  0.8392694063926941  F1_no: 0.7881646655231561 ---- accu:  0.8489296636085627
lr: 3.5e-06 epoch 14 finished 耗时: 98.42711056073507 min. loss： 21.04138948439504
result for valid:
P_yes:  0.8962124938514511  R_yes:  0.8701050620821394  F1_yes: 0.8829658347467894  ---- P_no:  0.7801131770412287  R_no:  0.8205782312925171  F1_no: 0.7998342312474098 ---- accu:  0.8522935779816514
lr: 3.5e-06 epoch 15 finished 耗时: 105.11325378417969 min. loss： 20.618904333095998
result for valid:
P_yes:  0.8868666994589277  R_yes:  0.8710144927536232  F1_yes: 0.8788691201559834  ---- P_no:  0.7841552142279709  R_no:  0.8083333333333333  F1_no: 0.7960607304062371 ---- accu:  0.8480122324159022
lr: 3.5e-06 epoch 16 finished 耗时: 111.57998922665914 min. loss： 19.596592203510227
result for valid:
P_yes:  0.8588293162813576  R_yes:  0.8858447488584474  F1_yes: 0.8721278721278721  ---- P_no:  0.8181083265966047  R_no:  0.7790608160123171  F1_no: 0.7981072555205048 ---- accu:  0.8434250764525993
lr: 3.5e-06 epoch 17 finished 耗时: 118.05054406722387 min. loss： 19.334968269366072
result for valid:
P_yes:  0.8903098868666994  R_yes:  0.8722891566265061  F1_yes: 0.881207400194742  ---- P_no:  0.7857720291026677  R_no:  0.8133891213389122  F1_no: 0.799342105263158 ---- accu:  0.8507645259938837
lr: 2.45e-06 epoch 18 finished 耗时: 124.51616971890131 min. loss： 14.239308157135383
result for valid:
P_yes:  0.8917855386128873  R_yes:  0.8720538720538721  F1_yes: 0.8818093385214009  ---- P_no:  0.7849636216653193  R_no:  0.815281276238455  F1_no: 0.7998352553542009 ---- accu:  0.8513761467889909
lr: 2.45e-06 epoch 19 finished 耗时: 130.98699127435685 min. loss： 9.752352564173634
result for valid:
P_yes:  0.8863748155435317  R_yes:  0.884634266077565  F1_yes: 0.8855036855036854  ---- P_no:  0.8100242522231205  R_no:  0.8126520681265207  F1_no: 0.8113360323886639 ---- accu:  0.8574923547400611
P_yes:  0.8863748155435317  R_yes:  0.884634266077565  F1_yes: 0.8855036855036854  ---- P_no:  0.8100242522231205  R_no:  0.8126520681265207  F1_no: 0.8113360323886639 ---- accu:  0.8574923547400611
P_yes:  0.8863748155435317  R_yes:  0.884634266077565  F1_yes: 0.8855036855036854  ---- P_no:  0.8100242522231205  R_no:  0.8126520681265207  F1_no: 0.8113360323886639 ---- accu:  0.8574923547400611
