pattern:  roberta-base
start training,lr= 5e-06
lr: 5e-06 epoch 0 finished 耗时: 2.015920643011729 min. loss： 130.82882636785507
result for valid:
P_yes:  1.0  R_yes:  0.6217125382262997  F1_yes: 0.7667358099189139  ---- P_no:  0.0  R_no:  0  F1_no: 0 ---- accu:  0.6217125382262997
lr: 5e-06 epoch 1 finished 耗时: 4.2448136130968726 min. loss： 125.41192936897278
result for valid:
P_yes:  0.853910477127398  R_yes:  0.7051177904142973  F1_yes: 0.7724137931034484  ---- P_no:  0.4130962004850445  R_no:  0.6324257425742574  F1_no: 0.49975550122249396 ---- accu:  0.6871559633027523
lr: 5e-06 epoch 2 finished 耗时: 7.528760413328807 min. loss： 109.51002538204193
result for valid:
P_yes:  0.8037383177570093  R_yes:  0.7943607194944093  F1_yes: 0.7990220048899754  ---- P_no:  0.6580436540016168  R_no:  0.6710634789777411  F1_no: 0.6644897959183673 ---- accu:  0.7486238532110092
lr: 5e-06 epoch 3 finished 耗时: 9.743355917930604 min. loss： 89.94741567969322
result for valid:
P_yes:  0.8465322183964584  R_yes:  0.8030797946803546  F1_yes: 0.8242337164750958  ---- P_no:  0.6588520614389652  R_no:  0.7231588287488908  F1_no: 0.6895093062605753 ---- accu:  0.7755351681957187
lr: 5e-06 epoch 4 finished 耗时: 11.948616194725037 min. loss： 76.21579959988594
result for valid:
P_yes:  0.8150516478111166  R_yes:  0.8347607052896725  F1_yes: 0.8247884519661522  ---- P_no:  0.7348423605497171  R_no:  0.7073929961089495  F1_no: 0.7208564631245044 ---- accu:  0.7847094801223241
lr: 5e-06 epoch 5 finished 耗时: 14.151832123597464 min. loss： 63.69204439222813
result for valid:
P_yes:  0.8347270044269552  R_yes:  0.8182256509161041  F1_yes: 0.8263939615290966  ---- P_no:  0.6952303961196443  R_no:  0.7190635451505016  F1_no: 0.7069461570078093 ---- accu:  0.7819571865443425
lr: 5e-06 epoch 6 finished 耗时: 16.28134911855062 min. loss： 51.6850211545825
result for valid:
P_yes:  0.8337432365961633  R_yes:  0.8345642540620384  F1_yes: 0.8341535433070866  ---- P_no:  0.7283751010509296  R_no:  0.7271993543179984  F1_no: 0.7277867528271406 ---- accu:  0.7938837920489297
lr: 5e-06 epoch 7 finished 耗时: 18.4842165629069 min. loss： 43.04738077521324
result for valid:
P_yes:  0.8337432365961633  R_yes:  0.8284457478005866  F1_yes: 0.8310860505025742  ---- P_no:  0.7162489894907034  R_no:  0.7238562091503268  F1_no: 0.7200325071109306 ---- accu:  0.789296636085627
lr: 5e-06 epoch 8 finished 耗时: 20.612852442264558 min. loss： 36.180661238729954
result for valid:
P_yes:  0.8548942449581899  R_yes:  0.8144329896907216  F1_yes: 0.834173266138709  ---- P_no:  0.6798706548100243  R_no:  0.7403169014084507  F1_no: 0.7088074167720185 ---- accu:  0.7886850152905199
lr: 5e-06 epoch 9 finished 耗时: 22.74068472782771 min. loss： 30.176872678101063
result for valid:
P_yes:  0.7761928184948352  R_yes:  0.8525121555915721  F1_yes: 0.8125643666323378  ---- P_no:  0.7793047696038804  R_no:  0.6793516560958421  F1_no: 0.7259036144578314 ---- accu:  0.7773700305810397
lr: 3.5e-06 epoch 10 finished 耗时: 24.8682559967041 min. loss： 22.246146427467465
result for valid:
P_yes:  0.794884407279882  R_yes:  0.8460732984293193  F1_yes: 0.8196804463606391  ---- P_no:  0.7623282134195635  R_no:  0.6933823529411764  F1_no: 0.726222564497497 ---- accu:  0.7825688073394496
lr: 3.5e-06 epoch 11 finished 耗时: 26.99584264755249 min. loss： 19.864596612751484
result for valid:
P_yes:  0.8248893261190359  R_yes:  0.8343283582089552  F1_yes: 0.8295819935691319  ---- P_no:  0.730800323362975  R_no:  0.7174603174603175  F1_no: 0.724068882659191 ---- accu:  0.789296636085627
lr: 3.5e-06 epoch 12 finished 耗时: 29.12227519750595 min. loss： 17.32362239714712
result for valid:
P_yes:  0.8411214953271028  R_yes:  0.8292919495635306  F1_yes: 0.8351648351648352  ---- P_no:  0.7154405820533549  R_no:  0.7326158940397351  F1_no: 0.7239263803680982 ---- accu:  0.7935779816513762
lr: 2.45e-06 epoch 13 finished 耗时: 31.248191062609354 min. loss： 14.96654400229454
result for valid:
P_yes:  0.8735858337432366  R_yes:  0.8131868131868132  F1_yes: 0.8423049561299502  ---- P_no:  0.6701697655618432  R_no:  0.7633517495395948  F1_no: 0.7137322427894963 ---- accu:  0.7966360856269113
lr: 2.45e-06 epoch 14 finished 耗时: 33.451066732406616 min. loss： 12.28038383135572
result for valid:
P_yes:  0.8499754058042303  R_yes:  0.8220742150333016  F1_yes: 0.8357920193470375  ---- P_no:  0.6976556184316896  R_no:  0.7388698630136986  F1_no: 0.7176715176715177 ---- accu:  0.7923547400611621
lr: 2.45e-06 epoch 15 finished 耗时: 35.58123708168666 min. loss： 12.693416669499129
result for valid:
P_yes:  0.8755533694048204  R_yes:  0.8146453089244852  F1_yes: 0.8440018966334756  ---- P_no:  0.6725949878738885  R_no:  0.7668202764976959  F1_no: 0.7166236003445305 ---- accu:  0.7987767584097859
lr: 2.45e-06 epoch 16 finished 耗时: 37.78569776217143 min. loss： 10.53605823032558
result for valid:
P_yes:  0.8288243974422036  R_yes:  0.8446115288220551  F1_yes: 0.836643495531281  ---- P_no:  0.7493936944219887  R_no:  0.7270588235294118  F1_no: 0.7380573248407643 ---- accu:  0.7987767584097859
lr: 2.45e-06 epoch 17 finished 耗时: 39.91508687734604 min. loss： 10.171889810357243
result for valid:
P_yes:  0.8455484505656665  R_yes:  0.8288331726133076  F1_yes: 0.8371073776479182  ---- P_no:  0.7130153597413096  R_no:  0.7374581939799331  F1_no: 0.7250308261405671 ---- accu:  0.7954128440366972
lr: 2.45e-06 epoch 18 finished 耗时: 42.045054189364116 min. loss： 9.307909762719646
result for valid:
P_yes:  0.839153959665519  R_yes:  0.8395669291338582  F1_yes: 0.839360393603936  ---- P_no:  0.7364591754244139  R_no:  0.7358642972536349  F1_no: 0.7361616161616161 ---- accu:  0.8003058103975536
lr: 2.45e-06 epoch 19 finished 耗时: 44.25279983282089 min. loss： 8.084652464836836
result for valid:
P_yes:  0.8322675848499754  R_yes:  0.8405365126676602  F1_yes: 0.8363816114681167  ---- P_no:  0.740501212611156  R_no:  0.7287191726332538  F1_no: 0.7345629510825984 ---- accu:  0.7975535168195719
P_yes:  0.8322675848499754  R_yes:  0.8405365126676602  F1_yes: 0.8363816114681167  ---- P_no:  0.740501212611156  R_no:  0.7287191726332538  F1_no: 0.7345629510825984 ---- accu:  0.7975535168195719
P_yes:  0.839153959665519  R_yes:  0.8395669291338582  F1_yes: 0.839360393603936  ---- P_no:  0.7364591754244139  R_no:  0.7358642972536349  F1_no: 0.7361616161616161 ---- accu:  0.8003058103975536
