pattern:  roberta-large
start training,lr= 5e-06
lr: 5e-06 epoch 0 finished 耗时: 5.973380406697591 min. loss： 376.12454757094383
result for valid:
P_yes:  0.82439744220364  R_yes:  0.8260226712666338  F1_yes: 0.8252092565238799  ---- P_no:  0.7146321746160065  R_no:  0.7123287671232876  F1_no: 0.7134786117836965 ---- accu:  0.7828746177370031
lr: 5e-06 epoch 1 finished 耗时: 12.629705878098806 min. loss： 233.18400852382183
result for valid:
P_yes:  0.88293162813576  R_yes:  0.87178241864983  F1_yes: 0.8773216031280547  ---- P_no:  0.7865804365400162  R_no:  0.8034682080924855  F1_no: 0.7949346405228758 ---- accu:  0.8464831804281345
lr: 5e-06 epoch 2 finished 耗时: 19.302605712413786 min. loss： 145.1804727455601
result for valid:
P_yes:  0.9080177078209543  R_yes:  0.861409239384041  F1_yes: 0.8840996168582376  ---- P_no:  0.7599029911075182  R_no:  0.834072759538598  F1_no: 0.7952622673434856 ---- accu:  0.8519877675840979
lr: 5e-06 epoch 3 finished 耗时: 26.014136425654094 min. loss： 89.3428236618638
result for valid:
P_yes:  0.8780127889818002  R_yes:  0.8767190569744597  F1_yes: 0.8773654460555419  ---- P_no:  0.7970897332255457  R_no:  0.7990275526742301  F1_no: 0.7980574666127073 ---- accu:  0.847400611620795
lr: 5e-06 epoch 4 finished 耗时: 32.493516238530475 min. loss： 60.00501811387949
result for valid:
P_yes:  0.8996556812592228  R_yes:  0.8586854460093897  F1_yes: 0.8786932500600529  ---- P_no:  0.7566693613581245  R_no:  0.8210526315789474  F1_no: 0.7875473285654186 ---- accu:  0.845565749235474
lr: 5e-06 epoch 5 finished 耗时: 38.97602242628734 min. loss： 43.46090081159491
result for valid:
P_yes:  0.911952779144122  R_yes:  0.8603248259860788  F1_yes: 0.8853868194842406  ---- P_no:  0.7566693613581245  R_no:  0.8394618834080717  F1_no: 0.7959183673469388 ---- accu:  0.8532110091743119
lr: 5e-06 epoch 6 finished 耗时: 45.70997700691223 min. loss： 30.145178217149805
result for valid:
P_yes:  0.8691588785046729  R_yes:  0.8879396984924623  F1_yes: 0.8784489187173751  ---- P_no:  0.8197251414713015  R_no:  0.7921875  F1_no: 0.8057210965435042 ---- accu:  0.8504587155963302
lr: 5e-06 epoch 7 finished 耗时: 52.196675157547 min. loss： 22.837692165107
result for valid:
P_yes:  0.868175110673881  R_yes:  0.8838257386079119  F1_yes: 0.8759305210918115  ---- P_no:  0.8124494745351657  R_no:  0.7894736842105263  F1_no: 0.8007968127490039 ---- accu:  0.8470948012232415
lr: 5e-06 epoch 8 finished 耗时: 58.680549617608385 min. loss： 21.802276569214882
result for valid:
P_yes:  0.8839153959665519  R_yes:  0.8830466830466831  F1_yes: 0.8834808259587021  ---- P_no:  0.8075990299110751  R_no:  0.8089068825910931  F1_no: 0.808252427184466 ---- accu:  0.8550458715596331
lr: 5e-06 epoch 9 finished 耗时: 65.39416062434515 min. loss： 18.607160224870313
result for valid:
P_yes:  0.8760452533202164  R_yes:  0.8843098311817279  F1_yes: 0.8801581418334569  ---- P_no:  0.8116410670978172  R_no:  0.7993630573248408  F1_no: 0.8054552747693542 ---- accu:  0.8516819571865444
lr: 5e-06 epoch 10 finished 耗时: 71.86371737718582 min. loss： 14.453269694960909
result for valid:
P_yes:  0.8770290211510083  R_yes:  0.8796250616674889  F1_yes: 0.8783251231527094  ---- P_no:  0.8027485852869847  R_no:  0.7988736926790024  F1_no: 0.8008064516129033 ---- accu:  0.8489296636085627
lr: 5e-06 epoch 11 finished 耗时: 78.33031293551127 min. loss： 16.204252466442995
result for valid:
P_yes:  0.8617806197737334  R_yes:  0.8861911987860395  F1_yes: 0.8738154613466333  ---- P_no:  0.8181083265966047  R_no:  0.782675947409126  F1_no: 0.7999999999999999 ---- accu:  0.8452599388379205
lr: 3.5e-06 epoch 12 finished 耗时: 84.80236321687698 min. loss： 10.711659262829926
result for valid:
P_yes:  0.8844072798819479  R_yes:  0.8736637512147716  F1_yes: 0.879002688829137  ---- P_no:  0.7898140662894099  R_no:  0.8061056105610561  F1_no: 0.7978766843609637 ---- accu:  0.8486238532110092
lr: 3.5e-06 epoch 13 finished 耗时: 91.27769060929616 min. loss： 9.242315182120365
result for valid:
P_yes:  0.8858829316281358  R_yes:  0.8746964545896067  F1_yes: 0.8802541544477028  ---- P_no:  0.7914308811641068  R_no:  0.8084227910817506  F1_no: 0.7998366013071895 ---- accu:  0.8501529051987767
lr: 3.5e-06 epoch 14 finished 耗时: 97.74998805125554 min. loss： 7.853469250258058
result for valid:
P_yes:  0.8962124938514511  R_yes:  0.8672060923369824  F1_yes: 0.8814707305273343  ---- P_no:  0.7744543249797898  R_no:  0.8195038494439693  F1_no: 0.7963424771404821 ---- accu:  0.8501529051987767
lr: 2.45e-06 epoch 15 finished 耗时: 104.22481172084808 min. loss： 5.884564817148203
result for valid:
P_yes:  0.8893261190359075  R_yes:  0.875544794188862  F1_yes: 0.8823816495851635  ---- P_no:  0.7922392886014551  R_no:  0.8132780082987552  F1_no: 0.8026208026208026 ---- accu:  0.8525993883792049
lr: 2.45e-06 epoch 16 finished 耗时: 110.70093973477681 min. loss： 5.718848670047009
result for valid:
P_yes:  0.8775209050664043  R_yes:  0.8814229249011858  F1_yes: 0.8794675868868622  ---- P_no:  0.8059822150363783  R_no:  0.8001605136436597  F1_no: 0.8030608135320176 ---- accu:  0.8504587155963302
lr: 2.45e-06 epoch 17 finished 耗时: 117.17468594710031 min. loss： 4.318116523769277
result for valid:
P_yes:  0.8863748155435317  R_yes:  0.8768856447688564  F1_yes: 0.8816046966731897  ---- P_no:  0.7954729183508489  R_no:  0.8098765432098766  F1_no: 0.802610114192496 ---- accu:  0.8519877675840979
lr: 1.7149999999999997e-06 epoch 18 finished 耗时: 123.64891689618429 min. loss： 4.697143263878388
result for valid:
P_yes:  0.8819478603049681  R_yes:  0.878921568627451  F1_yes: 0.8804321139209428  ---- P_no:  0.8003233629749393  R_no:  0.8048780487804879  F1_no: 0.8025942440210783 ---- accu:  0.8510703363914373
lr: 1.7149999999999997e-06 epoch 19 finished 耗时: 130.12885505755742 min. loss： 3.2323663713323185
result for valid:
P_yes:  0.896704377766847  R_yes:  0.8726663475347056  F1_yes: 0.8845220766618147  ---- P_no:  0.7849636216653193  R_no:  0.8221845893310754  F1_no: 0.8031430934656741 ---- accu:  0.854434250764526
P_yes:  0.896704377766847  R_yes:  0.8726663475347056  F1_yes: 0.8845220766618147  ---- P_no:  0.7849636216653193  R_no:  0.8221845893310754  F1_no: 0.8031430934656741 ---- accu:  0.854434250764526
P_yes:  0.8839153959665519  R_yes:  0.8830466830466831  F1_yes: 0.8834808259587021  ---- P_no:  0.8075990299110751  R_no:  0.8089068825910931  F1_no: 0.808252427184466 ---- accu:  0.8550458715596331
