pattern:  roberta-base
start training,lr= 2e-06
lr: 2e-06 epoch 0 finished 耗时: 2.0406710743904113 min. loss： 131.9146962761879
result for valid:
P_yes:  1.0  R_yes:  0.6217125382262997  F1_yes: 0.7667358099189139  ---- P_no:  0.0  R_no:  0  F1_no: 0 ---- accu:  0.6217125382262997
lr: 2e-06 epoch 1 finished 耗时: 4.289510341485341 min. loss： 130.02581119537354
result for valid:
P_yes:  1.0  R_yes:  0.6217125382262997  F1_yes: 0.7667358099189139  ---- P_no:  0.0  R_no:  0  F1_no: 0 ---- accu:  0.6217125382262997
lr: 2e-06 epoch 2 finished 耗时: 6.4455206990242 min. loss： 128.05959850549698
result for valid:
P_yes:  1.0  R_yes:  0.6219027225451208  F1_yes: 0.7668804224820822  ---- P_no:  0.0008084074373484236  R_no:  1.0  F1_no: 0.001615508885298869 ---- accu:  0.6220183486238532
lr: 2e-06 epoch 3 finished 耗时: 8.681587858994801 min. loss： 120.51211926341057
result for valid:
P_yes:  0.8642400393507133  R_yes:  0.7101859337105901  F1_yes: 0.7796760594630575  ---- P_no:  0.42037186742118027  R_no:  0.6532663316582915  F1_no: 0.5115592720118052 ---- accu:  0.6963302752293578
lr: 2e-06 epoch 4 finished 耗时: 10.936043616135915 min. loss： 108.28260433673859
result for valid:
P_yes:  0.8716182980816527  R_yes:  0.7454774926377787  F1_yes: 0.8036281179138323  ---- P_no:  0.5109135004042037  R_no:  0.7077267637178052  F1_no: 0.5934272300469483 ---- accu:  0.7351681957186544
lr: 2e-06 epoch 5 finished 耗时: 13.183352510134378 min. loss： 97.75544854998589
result for valid:
P_yes:  0.7024102311854402  R_yes:  0.8278260869565217  F1_yes: 0.7599787120808941  ---- P_no:  0.7599029911075182  R_no:  0.6084142394822006  F1_no: 0.6757728253055356 ---- accu:  0.7241590214067278
lr: 2e-06 epoch 6 finished 耗时: 15.347436487674713 min. loss： 89.45468343794346
result for valid:
P_yes:  0.8908017707820954  R_yes:  0.7628475147430497  F1_yes: 0.8218742909008396  ---- P_no:  0.5448666127728375  R_no:  0.7522321428571429  F1_no: 0.6319737458977965 ---- accu:  0.7599388379204893
lr: 2e-06 epoch 7 finished 耗时: 17.589715739091236 min. loss： 82.2443918287754
result for valid:
P_yes:  0.8553861288735858  R_yes:  0.7868778280542986  F1_yes: 0.8197030403016733  ---- P_no:  0.6192400970088925  R_no:  0.7226415094339622  F1_no: 0.6669569003047453 ---- accu:  0.7660550458715596
lr: 2e-06 epoch 8 finished 耗时: 19.819494942824047 min. loss： 76.69087755680084
result for valid:
P_yes:  0.839153959665519  R_yes:  0.8016917293233082  F1_yes: 0.8199951934631098  ---- P_no:  0.6588520614389652  R_no:  0.7136602451838879  F1_no: 0.6851618327028163 ---- accu:  0.7709480122324159
lr: 2e-06 epoch 9 finished 耗时: 22.0481063803037 min. loss： 70.5328466296196
result for valid:
P_yes:  0.8047220855878012  R_yes:  0.8171828171828172  F1_yes: 0.8109045848822799  ---- P_no:  0.704122877930477  R_no:  0.6869085173501577  F1_no: 0.6954091816367265 ---- accu:  0.7666666666666667
lr: 2e-06 epoch 10 finished 耗时: 25.129351603984833 min. loss： 65.03368870913982
result for valid:
P_yes:  0.8258730939498279  R_yes:  0.8126815101645692  F1_yes: 0.8192242010246401  ---- P_no:  0.6871463217461601  R_no:  0.7059800664451827  F1_no: 0.6964358869315854 ---- accu:  0.773394495412844
lr: 2e-06 epoch 11 finished 耗时: 27.368056507905326 min. loss： 59.71469857543707
result for valid:
P_yes:  0.8229217904574521  R_yes:  0.814508276533593  F1_yes: 0.818693418155126  ---- P_no:  0.6919967663702506  R_no:  0.7039473684210527  F1_no: 0.69792091316755 ---- accu:  0.773394495412844
lr: 2e-06 epoch 12 finished 耗时: 29.492230991522472 min. loss： 54.725582763552666
result for valid:
P_yes:  0.8425971470732907  R_yes:  0.8106956933270232  F1_yes: 0.8263386396526773  ---- P_no:  0.6766370250606305  R_no:  0.7234226447709594  F1_no: 0.6992481203007519 ---- accu:  0.7798165137614679
lr: 2e-06 epoch 13 finished 耗时: 31.690214145183564 min. loss： 50.829422667622566
result for valid:
P_yes:  0.8007870142646335  R_yes:  0.8344438749359303  F1_yes: 0.8172690763052208  ---- P_no:  0.7388843977364592  R_no:  0.6929492039423806  F1_no: 0.7151799687010955 ---- accu:  0.7773700305810397
lr: 2e-06 epoch 14 finished 耗时: 33.80935983260473 min. loss： 46.8370119407773
result for valid:
P_yes:  0.8130841121495327  R_yes:  0.8244389027431421  F1_yes: 0.8187221396731055  ---- P_no:  0.7154405820533549  R_no:  0.6996047430830039  F1_no: 0.7074340527577938 ---- accu:  0.7761467889908257
lr: 2e-06 epoch 15 finished 耗时: 35.95359759728114 min. loss： 43.80204398930073
result for valid:
P_yes:  0.82439744220364  R_yes:  0.8235872235872236  F1_yes: 0.8239921337266471  ---- P_no:  0.7097817299919159  R_no:  0.7109311740890688  F1_no: 0.7103559870550162 ---- accu:  0.7810397553516819
lr: 2e-06 epoch 16 finished 耗时: 38.18793497482935 min. loss： 39.62596756219864
result for valid:
P_yes:  0.8642400393507133  R_yes:  0.803751143641354  F1_yes: 0.8328987911827447  ---- P_no:  0.6531932093775262  R_no:  0.7453874538745388  F1_no: 0.6962516156828953 ---- accu:  0.7844036697247706
lr: 2e-06 epoch 17 finished 耗时: 40.43378638029098 min. loss： 35.64906419813633
result for valid:
P_yes:  0.8721101819970487  R_yes:  0.795067264573991  F1_yes: 0.8318085855031667  ---- P_no:  0.6305578011317704  R_no:  0.75  F1_no: 0.6851119894598157 ---- accu:  0.7807339449541284
lr: 2e-06 epoch 18 finished 耗时: 45.234142156442005 min. loss： 32.963232189416885
result for valid:
P_yes:  0.8209542547958681  R_yes:  0.8332501248127808  F1_yes: 0.8270564915758177  ---- P_no:  0.7299919159256265  R_no:  0.712707182320442  F1_no: 0.7212460063897764 ---- accu:  0.7865443425076453
lr: 2e-06 epoch 19 finished 耗时: 47.46343667904536 min. loss： 29.356353862211108
result for valid:
P_yes:  0.8037383177570093  R_yes:  0.8427024239298607  F1_yes: 0.8227593152064452  ---- P_no:  0.7534357316087308  R_no:  0.7002253944402704  F1_no: 0.7258566978193145 ---- accu:  0.7847094801223241
P_yes:  0.8037383177570093  R_yes:  0.8427024239298607  F1_yes: 0.8227593152064452  ---- P_no:  0.7534357316087308  R_no:  0.7002253944402704  F1_no: 0.7258566978193145 ---- accu:  0.7847094801223241
P_yes:  0.8209542547958681  R_yes:  0.8332501248127808  F1_yes: 0.8270564915758177  ---- P_no:  0.7299919159256265  R_no:  0.712707182320442  F1_no: 0.7212460063897764 ---- accu:  0.7865443425076453
